# JRE version: OpenJDK Runtime Environment (8.0_212-b04) (build 1.8.0_212-release-1586-b04)
# Java VM: OpenJDK 64-Bit Server VM (25.212-b04 mixed mode windows-amd64 compressed oops)
Heap:
 PSYoungGen      total 413184K, used 92695K [0x00000000e0000000, 0x00000000ffd80000, 0x0000000100000000)
  eden space 344576K, 21% used [0x00000000e0000000,0x00000000e493d540,0x00000000f5080000)
  from space 68608K, 25% used [0x00000000f5080000,0x00000000f61c8848,0x00000000f9380000)
  to   space 65024K, 0% used [0x00000000fbe00000,0x00000000fbe00000,0x00000000ffd80000)
 ParOldGen       total 361984K, used 194887K [0x00000000a0000000, 0x00000000b6180000, 0x00000000e0000000)
  object space 361984K, 53% used [0x00000000a0000000,0x00000000abe51f40,0x00000000b6180000)
 Metaspace       used 99054K, capacity 104462K, committed 104664K, reserved 1140736K
  class space    used 12459K, capacity 13474K, committed 13528K, reserved 1048576K
GC Heap History (10 events):
Event: 9976.008 GC heap before
{Heap before GC invocations=27 (full 4):
 PSYoungGen      total 318976K, used 318483K [0x00000000e0000000, 0x00000000fbf00000, 0x0000000100000000)
  eden space 300544K, 100% used [0x00000000e0000000,0x00000000f2580000,0x00000000f2580000)
  from space 18432K, 97% used [0x00000000fad00000,0x00000000fbe84c40,0x00000000fbf00000)
  to   space 76288K, 0% used [0x00000000f2a00000,0x00000000f2a00000,0x00000000f7480000)
 ParOldGen       total 361984K, used 193016K [0x00000000a0000000, 0x00000000b6180000, 0x00000000e0000000)
  object space 361984K, 53% used [0x00000000a0000000,0x00000000abc7e350,0x00000000b6180000)
 Metaspace       used 97829K, capacity 102792K, committed 103000K, reserved 1138688K
  class space    used 12355K, capacity 13285K, committed 13400K, reserved 1048576K
Event: 9976.073 GC heap after
Heap after GC invocations=27 (full 4):
 PSYoungGen      total 302592K, used 12042K [0x00000000e0000000, 0x00000000fad80000, 0x0000000100000000)
  eden space 290304K, 0% used [0x00000000e0000000,0x00000000e0000000,0x00000000f1b80000)
  from space 12288K, 98% used [0x00000000f2a00000,0x00000000f35c2990,0x00000000f3600000)
  to   space 74752K, 0% used [0x00000000f6480000,0x00000000f6480000,0x00000000fad80000)
 ParOldGen       total 361984K, used 193024K [0x00000000a0000000, 0x00000000b6180000, 0x00000000e0000000)
  object space 361984K, 53% used [0x00000000a0000000,0x00000000abc80350,0x00000000b6180000)
 Metaspace       used 97829K, capacity 102792K, committed 103000K, reserved 1138688K
  class space    used 12355K, capacity 13285K, committed 13400K, reserved 1048576K
}
Event: 9982.362 GC heap before
{Heap before GC invocations=28 (full 4):
 PSYoungGen      total 302592K, used 302346K [0x00000000e0000000, 0x00000000fad80000, 0x0000000100000000)
  eden space 290304K, 100% used [0x00000000e0000000,0x00000000f1b80000,0x00000000f1b80000)
  from space 12288K, 98% used [0x00000000f2a00000,0x00000000f35c2990,0x00000000f3600000)
  to   space 74752K, 0% used [0x00000000f6480000,0x00000000f6480000,0x00000000fad80000)
 ParOldGen       total 361984K, used 193024K [0x00000000a0000000, 0x00000000b6180000, 0x00000000e0000000)
  object space 361984K, 53% used [0x00000000a0000000,0x00000000abc80350,0x00000000b6180000)
 Metaspace       used 98301K, capacity 103640K, committed 103768K, reserved 1140736K
  class space    used 12415K, capacity 13393K, committed 13400K, reserved 1048576K
Event: 9983.130 GC heap after
Heap after GC invocations=28 (full 4):
 PSYoungGen      total 368640K, used 20406K [0x00000000e0000000, 0x00000000ff380000, 0x0000000100000000)
  eden space 293888K, 0% used [0x00000000e0000000,0x00000000e0000000,0x00000000f1f00000)
  from space 74752K, 27% used [0x00000000f6480000,0x00000000f786d858,0x00000000fad80000)
  to   space 71168K, 0% used [0x00000000f1f00000,0x00000000f1f00000,0x00000000f6480000)
 ParOldGen       total 361984K, used 193032K [0x00000000a0000000, 0x00000000b6180000, 0x00000000e0000000)
  object space 361984K, 53% used [0x00000000a0000000,0x00000000abc82350,0x00000000b6180000)
 Metaspace       used 98301K, capacity 103640K, committed 103768K, reserved 1140736K
  class space    used 12415K, capacity 13393K, committed 13400K, reserved 1048576K
}
Event: 10026.051 GC heap before
{Heap before GC invocations=29 (full 4):
 PSYoungGen      total 368640K, used 314294K [0x00000000e0000000, 0x00000000ff380000, 0x0000000100000000)
  eden space 293888K, 100% used [0x00000000e0000000,0x00000000f1f00000,0x00000000f1f00000)
  from space 74752K, 27% used [0x00000000f6480000,0x00000000f786d858,0x00000000fad80000)
  to   space 71168K, 0% used [0x00000000f1f00000,0x00000000f1f00000,0x00000000f6480000)
 ParOldGen       total 361984K, used 193032K [0x00000000a0000000, 0x00000000b6180000, 0x00000000e0000000)
  object space 361984K, 53% used [0x00000000a0000000,0x00000000abc82350,0x00000000b6180000)
 Metaspace       used 98539K, capacity 103956K, committed 104152K, reserved 1140736K
  class space    used 12437K, capacity 13433K, committed 13528K, reserved 1048576K
Event: 10026.118 GC heap after
Heap after GC invocations=29 (full 4):
 PSYoungGen      total 365056K, used 12097K [0x00000000e0000000, 0x00000000fdb80000, 0x0000000100000000)
  eden space 293888K, 0% used [0x00000000e0000000,0x00000000e0000000,0x00000000f1f00000)
  from space 71168K, 16% used [0x00000000f1f00000,0x00000000f2ad0618,0x00000000f6480000)
  to   space 69120K, 0% used [0x00000000f9800000,0x00000000f9800000,0x00000000fdb80000)
 ParOldGen       total 361984K, used 193284K [0x00000000a0000000, 0x00000000b6180000, 0x00000000e0000000)
  object space 361984K, 53% used [0x00000000a0000000,0x00000000abcc1380,0x00000000b6180000)
 Metaspace       used 98539K, capacity 103956K, committed 104152K, reserved 1140736K
  class space    used 12437K, capacity 13433K, committed 13528K, reserved 1048576K
}
Event: 12646.000 GC heap before
{Heap before GC invocations=30 (full 4):
 PSYoungGen      total 365056K, used 305985K [0x00000000e0000000, 0x00000000fdb80000, 0x0000000100000000)
  eden space 293888K, 100% used [0x00000000e0000000,0x00000000f1f00000,0x00000000f1f00000)
  from space 71168K, 16% used [0x00000000f1f00000,0x00000000f2ad0618,0x00000000f6480000)
  to   space 69120K, 0% used [0x00000000f9800000,0x00000000f9800000,0x00000000fdb80000)
 ParOldGen       total 361984K, used 193284K [0x00000000a0000000, 0x00000000b6180000, 0x00000000e0000000)
  object space 361984K, 53% used [0x00000000a0000000,0x00000000abcc1380,0x00000000b6180000)
 Metaspace       used 98645K, capacity 104024K, committed 104152K, reserved 1140736K
  class space    used 12437K, capacity 13433K, committed 13528K, reserved 1048576K
Event: 12664.159 GC heap after
Heap after GC invocations=30 (full 4):
 PSYoungGen      total 408576K, used 3400K [0x00000000e0000000, 0x00000000fd680000, 0x0000000100000000)
  eden space 344576K, 0% used [0x00000000e0000000,0x00000000e0000000,0x00000000f5080000)
  from space 64000K, 5% used [0x00000000f9800000,0x00000000f9b521b0,0x00000000fd680000)
  to   space 68608K, 0% used [0x00000000f5080000,0x00000000f5080000,0x00000000f9380000)
 ParOldGen       total 361984K, used 193962K [0x00000000a0000000, 0x00000000b6180000, 0x00000000e0000000)
  object space 361984K, 53% used [0x00000000a0000000,0x00000000abd6a820,0x00000000b6180000)
 Metaspace       used 98645K, capacity 104024K, committed 104152K, reserved 1140736K
  class space    used 12437K, capacity 13433K, committed 13528K, reserved 1048576K
}
Event: 16151.667 GC heap before
{Heap before GC invocations=31 (full 4):
 PSYoungGen      total 408576K, used 347976K [0x00000000e0000000, 0x00000000fd680000, 0x0000000100000000)
  eden space 344576K, 100% used [0x00000000e0000000,0x00000000f5080000,0x00000000f5080000)
  from space 64000K, 5% used [0x00000000f9800000,0x00000000f9b521b0,0x00000000fd680000)
  to   space 68608K, 0% used [0x00000000f5080000,0x00000000f5080000,0x00000000f9380000)
 ParOldGen       total 361984K, used 193962K [0x00000000a0000000, 0x00000000b6180000, 0x00000000e0000000)
  object space 361984K, 53% used [0x00000000a0000000,0x00000000abd6a820,0x00000000b6180000)
 Metaspace       used 99009K, capacity 104398K, committed 104664K, reserved 1140736K
  class space    used 12459K, capacity 13474K, committed 13528K, reserved 1048576K
Event: 16168.896 GC heap after
Heap after GC invocations=31 (full 4):
 PSYoungGen      total 413184K, used 17698K [0x00000000e0000000, 0x00000000ffd80000, 0x0000000100000000)
  eden space 344576K, 0% used [0x00000000e0000000,0x00000000e0000000,0x00000000f5080000)
  from space 68608K, 25% used [0x00000000f5080000,0x00000000f61c8848,0x00000000f9380000)
  to   space 65024K, 0% used [0x00000000fbe00000,0x00000000fbe00000,0x00000000ffd80000)
 ParOldGen       total 361984K, used 194887K [0x00000000a0000000, 0x00000000b6180000, 0x00000000e0000000)
  object space 361984K, 53% used [0x00000000a0000000,0x00000000abe51f40,0x00000000b6180000)
 Metaspace       used 99009K, capacity 104398K, committed 104664K, reserved 1140736K
  class space    used 12459K, capacity 13474K, committed 13528K, reserved 1048576K
}

